17:35:02.291 [main] DEBUG i.n.u.i.l.InternalLoggerFactory - Using SLF4J as the default logging framework
2016-12-05 17:35:06.667+0100 INFO  Successfully started database
2016-12-05 17:35:06.755+0100 INFO  Starting HTTP on port 7474 (4 threads available)
2016-12-05 17:35:07.001+0100 INFO  Enabling HTTPS on port 7473
2016-12-05 17:35:07.106+0100 INFO  Mounting static content at /webadmin
2016-12-05 17:35:07.174+0100 INFO  Mounting static content at /browser
2016-12-05 17:35:08.745+0100 INFO  Remote interface ready and available at http://localhost:7474/
2016-12-05 17:46:38.949+0100 INFO  Neo4j Server shutdown initiated by request
2016-12-05 17:46:38.975+0100 INFO  Successfully shutdown Neo4j Server
2016-12-05 17:46:39.071+0100 INFO  Successfully stopped database
2016-12-05 17:46:39.072+0100 INFO  Successfully shutdown database
17:46:50.904 [main] DEBUG i.n.u.i.l.InternalLoggerFactory - Using SLF4J as the default logging framework
2016-12-05 17:46:56.982+0100 INFO  Successfully started database
2016-12-05 17:46:57.034+0100 INFO  Starting HTTP on port 7474 (4 threads available)
2016-12-05 17:46:57.558+0100 INFO  Enabling HTTPS on port 7473
2016-12-05 17:46:57.809+0100 INFO  Mounting static content at /webadmin
2016-12-05 17:46:57.906+0100 INFO  Mounting static content at /browser
2016-12-05 17:46:59.670+0100 INFO  Remote interface ready and available at http://localhost:7474/
2016-12-05 17:56:38.924+0100 INFO  Neo4j Server shutdown initiated by request
2016-12-05 17:56:38.942+0100 INFO  Successfully shutdown Neo4j Server
2016-12-05 17:56:39.017+0100 INFO  Successfully stopped database
2016-12-05 17:56:39.017+0100 INFO  Successfully shutdown database
17:57:13.950 [main] DEBUG i.n.u.i.l.InternalLoggerFactory - Using SLF4J as the default logging framework
2016-12-05 17:57:18.098+0100 INFO  Successfully started database
2016-12-05 17:57:18.142+0100 INFO  Starting HTTP on port 7474 (4 threads available)
2016-12-05 17:57:18.476+0100 INFO  Enabling HTTPS on port 7473
2016-12-05 17:57:18.606+0100 INFO  Mounting static content at /webadmin
2016-12-05 17:57:18.725+0100 INFO  Mounting static content at /browser
2016-12-05 17:57:20.641+0100 INFO  Remote interface ready and available at http://localhost:7474/
2016-12-05 18:35:28.390+0100 INFO  Neo4j Server shutdown initiated by request
2016-12-05 18:35:28.436+0100 INFO  Successfully shutdown Neo4j Server
2016-12-05 18:35:28.504+0100 INFO  Successfully stopped database
2016-12-05 18:35:28.504+0100 INFO  Successfully shutdown database
22:25:03.408 [main] DEBUG i.n.u.i.l.InternalLoggerFactory - Using SLF4J as the default logging framework
2016-12-05 22:25:10.182+0100 INFO  Successfully started database
2016-12-05 22:25:10.248+0100 INFO  Starting HTTP on port 7474 (4 threads available)
2016-12-05 22:25:10.666+0100 INFO  Enabling HTTPS on port 7473
2016-12-05 22:25:10.804+0100 INFO  Mounting static content at /webadmin
2016-12-05 22:25:10.882+0100 INFO  Mounting static content at /browser
2016-12-05 22:25:13.805+0100 INFO  Remote interface ready and available at http://localhost:7474/
2016-12-05 22:35:29.292+0100 WARN  Failed authentication attempt for 'user' from 127.0.0.1
2016-12-05 22:40:50.150+0100 WARN  Failed authentication attempt for 'user' from 127.0.0.1
2016-12-07 17:09:43.615+0100 WARN  Failed authentication attempt for 'neo4j' from 127.0.0.1
2016-12-07 17:09:53.462+0100 WARN  Failed authentication attempt for 'neo4j' from 127.0.0.1
2016-12-07 17:10:59.176+0100 INFO  Neo4j Server shutdown initiated by request
2016-12-07 17:10:59.334+0100 INFO  Successfully shutdown Neo4j Server
2016-12-07 17:10:59.549+0100 INFO  Successfully stopped database
2016-12-07 17:10:59.549+0100 INFO  Successfully shutdown database
17:11:11.359 [main] DEBUG i.n.u.i.l.InternalLoggerFactory - Using SLF4J as the default logging framework
2016-12-07 17:11:17.665+0100 INFO  Successfully started database
2016-12-07 17:11:17.762+0100 INFO  Starting HTTP on port 7474 (4 threads available)
2016-12-07 17:11:18.048+0100 INFO  Enabling HTTPS on port 7473
2016-12-07 17:11:18.179+0100 INFO  Mounting static content at /webadmin
2016-12-07 17:11:18.251+0100 INFO  Mounting static content at /browser
2016-12-07 17:11:20.814+0100 INFO  Remote interface ready and available at http://localhost:7474/
2016-12-08 18:12:11.665+0100 INFO  Neo4j Server shutdown initiated by request
2016-12-08 18:12:11.713+0100 INFO  Successfully shutdown Neo4j Server
2016-12-08 18:12:11.870+0100 INFO  Successfully stopped database
2016-12-08 18:12:11.870+0100 INFO  Successfully shutdown database
18:12:49.395 [main] DEBUG i.n.u.i.l.InternalLoggerFactory - Using SLF4J as the default logging framework
2016-12-08 18:12:55.403+0100 INFO  Successfully started database
2016-12-08 18:12:55.461+0100 INFO  Starting HTTP on port 7474 (4 threads available)
2016-12-08 18:12:55.737+0100 INFO  Enabling HTTPS on port 7473
2016-12-08 18:12:55.885+0100 INFO  Mounting static content at /webadmin
2016-12-08 18:12:55.958+0100 INFO  Mounting static content at /browser
2016-12-08 18:12:58.515+0100 INFO  Remote interface ready and available at http://localhost:7474/
16:42:10.046 [main] DEBUG i.n.u.i.l.InternalLoggerFactory - Using SLF4J as the default logging framework
2017-01-22 16:42:17.454+0100 INFO  Successfully started database
2017-01-22 16:42:17.508+0100 INFO  Starting HTTP on port 7474 (4 threads available)
2017-01-22 16:42:17.797+0100 INFO  Enabling HTTPS on port 7473
2017-01-22 16:42:17.902+0100 INFO  Mounting static content at /webadmin
2017-01-22 16:42:17.964+0100 INFO  Mounting static content at /browser
2017-01-22 16:42:20.791+0100 INFO  Remote interface ready and available at http://localhost:7474/
2017-01-23 16:37:30.342+0100 INFO  Neo4j Server shutdown initiated by request
2017-01-23 16:37:30.487+0100 INFO  Successfully shutdown Neo4j Server
21:34:18.263 [main] DEBUG i.n.u.i.l.InternalLoggerFactory - Using SLF4J as the default logging framework
2017-01-30 21:34:21.467+0100 INFO  Successfully started database
2017-01-30 21:34:21.495+0100 INFO  Starting HTTP on port 7474 (4 threads available)
2017-01-30 21:34:21.659+0100 INFO  Enabling HTTPS on port 7473
2017-01-30 21:34:21.736+0100 INFO  Mounting static content at /webadmin
2017-01-30 21:34:21.785+0100 INFO  Mounting static content at /browser
2017-01-30 21:34:22.726+0100 INFO  Remote interface ready and available at http://localhost:7474/
